Generated at 2017-03-09 15:46:44 +0530
Net::HTTPServerException: 404 "Not Found"
C:/opscode/chefdk/embedded/lib/ruby/2.3.0/net/http/response.rb:120:in `error!'
C:/opscode/chefdk/embedded/lib/ruby/gems/2.3.0/gems/chef-12.18.31-universal-mingw32/lib/chef/http.rb:150:in `request'
C:/opscode/chefdk/embedded/lib/ruby/gems/2.3.0/gems/chef-12.18.31-universal-mingw32/lib/chef/http.rb:115:in `get'
C:/opscode/chefdk/embedded/lib/ruby/gems/2.3.0/gems/chef-12.18.31-universal-mingw32/lib/chef/data_bag.rb:142:in `load'
C:/opscode/chefdk/embedded/lib/ruby/gems/2.3.0/gems/chef-12.18.31-universal-mingw32/lib/chef/dsl/data_query.rb:51:in `data_bag'
C:/Users/traininghyd_in/chef-repo/cookbooks/cookbooks/myfirstcookbk/recipes/default.rb:42:in `from_file'
C:/opscode/chefdk/embedded/lib/ruby/gems/2.3.0/gems/chef-12.18.31-universal-mingw32/lib/chef/mixin/from_file.rb:30:in `instance_eval'
C:/opscode/chefdk/embedded/lib/ruby/gems/2.3.0/gems/chef-12.18.31-universal-mingw32/lib/chef/mixin/from_file.rb:30:in `from_file'
C:/opscode/chefdk/embedded/lib/ruby/gems/2.3.0/gems/chef-12.18.31-universal-mingw32/lib/chef/cookbook_version.rb:233:in `load_recipe'
C:/opscode/chefdk/embedded/lib/ruby/gems/2.3.0/gems/chef-12.18.31-universal-mingw32/lib/chef/run_context.rb:338:in `load_recipe'
C:/opscode/chefdk/embedded/lib/ruby/gems/2.3.0/gems/chef-12.18.31-universal-mingw32/lib/chef/run_context/cookbook_compiler.rb:141:in `block in compile_recipes'
C:/opscode/chefdk/embedded/lib/ruby/gems/2.3.0/gems/chef-12.18.31-universal-mingw32/lib/chef/run_context/cookbook_compiler.rb:138:in `each'
C:/opscode/chefdk/embedded/lib/ruby/gems/2.3.0/gems/chef-12.18.31-universal-mingw32/lib/chef/run_context/cookbook_compiler.rb:138:in `compile_recipes'
C:/opscode/chefdk/embedded/lib/ruby/gems/2.3.0/gems/chef-12.18.31-universal-mingw32/lib/chef/run_context/cookbook_compiler.rb:75:in `compile'
C:/opscode/chefdk/embedded/lib/ruby/gems/2.3.0/gems/chef-12.18.31-universal-mingw32/lib/chef/run_context.rb:187:in `load'
C:/opscode/chefdk/embedded/lib/ruby/gems/2.3.0/gems/chef-12.18.31-universal-mingw32/lib/chef/policy_builder/expand_node_object.rb:97:in `setup_run_context'
C:/opscode/chefdk/embedded/lib/ruby/gems/2.3.0/gems/chef-12.18.31-universal-mingw32/lib/chef/client.rb:511:in `setup_run_context'
C:/opscode/chefdk/embedded/lib/ruby/gems/2.3.0/gems/chef-12.18.31-universal-mingw32/lib/chef/client.rb:281:in `run'
C:/opscode/chefdk/embedded/lib/ruby/gems/2.3.0/gems/chef-12.18.31-universal-mingw32/lib/chef/application.rb:277:in `run_with_graceful_exit_option'
C:/opscode/chefdk/embedded/lib/ruby/gems/2.3.0/gems/chef-12.18.31-universal-mingw32/lib/chef/application.rb:253:in `block in run_chef_client'
C:/opscode/chefdk/embedded/lib/ruby/gems/2.3.0/gems/chef-12.18.31-universal-mingw32/lib/chef/local_mode.rb:44:in `with_server_connectivity'
C:/opscode/chefdk/embedded/lib/ruby/gems/2.3.0/gems/chef-12.18.31-universal-mingw32/lib/chef/application.rb:236:in `run_chef_client'
C:/opscode/chefdk/embedded/lib/ruby/gems/2.3.0/gems/chef-12.18.31-universal-mingw32/lib/chef/application/client.rb:464:in `sleep_then_run_chef_client'
C:/opscode/chefdk/embedded/lib/ruby/gems/2.3.0/gems/chef-12.18.31-universal-mingw32/lib/chef/application/client.rb:451:in `block in interval_run_chef_client'
C:/opscode/chefdk/embedded/lib/ruby/gems/2.3.0/gems/chef-12.18.31-universal-mingw32/lib/chef/application/client.rb:450:in `loop'
C:/opscode/chefdk/embedded/lib/ruby/gems/2.3.0/gems/chef-12.18.31-universal-mingw32/lib/chef/application/client.rb:450:in `interval_run_chef_client'
C:/opscode/chefdk/embedded/lib/ruby/gems/2.3.0/gems/chef-12.18.31-universal-mingw32/lib/chef/application/client.rb:434:in `run_application'
C:/opscode/chefdk/embedded/lib/ruby/gems/2.3.0/gems/chef-12.18.31-universal-mingw32/lib/chef/application.rb:59:in `run'
C:/opscode/chefdk/embedded/lib/ruby/gems/2.3.0/gems/chef-12.18.31-universal-mingw32/lib/chef/application/solo.rb:226:in `run'
C:/opscode/chefdk/embedded/lib/ruby/gems/2.3.0/gems/chef-12.18.31-universal-mingw32/bin/chef-solo:25:in `<top (required)>'
C:/opscode/chefdk/bin/chef-solo:68:in `load'
C:/opscode/chefdk/bin/chef-solo:68:in `<main>'